<?xml version="1.0" encoding="UTF-8"?>
<!-- Generated by org.testng.reporters.JUnitReportReporter -->
<testsuite hostname="admin-PC" failures="0" tests="1" name="tests.LoginTest" time="81.762" errors="0" timestamp="16 Jan 2021 22:30:29 GMT" skipped="0">
  <testcase classname="tests.LoginTest" name="logInTest" time="81.762"/>
</testsuite> <!-- tests.LoginTest -->
