<?xml version="1.0" encoding="UTF-8"?>
<!-- Generated by org.testng.reporters.JUnitReportReporter -->
<testsuite hostname="admin-PC" failures="0" tests="1" name="tests.LoginTest" time="69.752" errors="0" timestamp="28 Jan 2021 23:36:43 GMT" skipped="0">
  <testcase classname="tests.LoginTest" name="logInTest" time="69.752"/>
</testsuite> <!-- tests.LoginTest -->
